mode: set
github.com/zuzaaa-dev/stawberry/internal/app/app.go:16.57,24.12 3 0
github.com/zuzaaa-dev/stawberry/internal/app/app.go:24.12,26.77 2 0
github.com/zuzaaa-dev/stawberry/internal/app/app.go:26.77,28.4 1 0
github.com/zuzaaa-dev/stawberry/internal/app/app.go:31.2,34.9 3 0
github.com/zuzaaa-dev/stawberry/internal/app/app.go:35.29,36.45 1 0
github.com/zuzaaa-dev/stawberry/internal/app/app.go:38.25,44.43 4 0
github.com/zuzaaa-dev/stawberry/internal/app/app.go:44.43,47.4 2 0
github.com/zuzaaa-dev/stawberry/internal/app/app.go:50.2,50.12 1 0
github.com/zuzaaa-dev/stawberry/internal/domain/service/notification/notification.go:13.85,15.2 1 0
github.com/zuzaaa-dev/stawberry/internal/domain/service/notification/notification.go:17.118,19.2 1 0
github.com/zuzaaa-dev/stawberry/internal/domain/service/offer/offer.go:21.64,23.2 1 0
github.com/zuzaaa-dev/stawberry/internal/domain/service/offer/offer.go:28.17,30.2 1 0
github.com/zuzaaa-dev/stawberry/internal/domain/service/offer/offer.go:35.25,37.2 1 0
github.com/zuzaaa-dev/stawberry/internal/domain/service/offer/offer.go:44.34,46.2 1 0
github.com/zuzaaa-dev/stawberry/internal/domain/service/offer/offer.go:52.25,54.2 1 0
github.com/zuzaaa-dev/stawberry/internal/domain/service/offer/offer.go:59.25,61.2 1 0
github.com/zuzaaa-dev/stawberry/config/config.go:32.27,38.45 5 0
github.com/zuzaaa-dev/stawberry/config/config.go:38.45,40.3 1 0
github.com/zuzaaa-dev/stawberry/config/config.go:42.2,61.15 2 0
github.com/zuzaaa-dev/stawberry/config/config.go:64.43,69.2 1 0
github.com/zuzaaa-dev/stawberry/internal/domain/service/product/product.go:21.64,23.2 1 0
github.com/zuzaaa-dev/stawberry/internal/domain/service/product/product.go:28.17,30.2 1 0
github.com/zuzaaa-dev/stawberry/internal/domain/service/product/product.go:35.27,37.2 1 0
github.com/zuzaaa-dev/stawberry/internal/domain/service/product/product.go:43.34,45.2 1 0
github.com/zuzaaa-dev/stawberry/internal/domain/service/product/product.go:52.34,54.2 1 0
github.com/zuzaaa-dev/stawberry/internal/domain/service/product/product.go:60.9,62.2 1 0
github.com/zuzaaa-dev/stawberry/internal/app/apperror/errors.go:23.39,24.18 1 0
github.com/zuzaaa-dev/stawberry/internal/app/apperror/errors.go:24.18,26.3 1 0
github.com/zuzaaa-dev/stawberry/internal/app/apperror/errors.go:27.2,27.18 1 0
github.com/zuzaaa-dev/stawberry/internal/app/apperror/errors.go:47.37,48.18 1 0
github.com/zuzaaa-dev/stawberry/internal/app/apperror/errors.go:48.18,50.3 1 0
github.com/zuzaaa-dev/stawberry/internal/app/apperror/errors.go:51.2,51.18 1 0
github.com/zuzaaa-dev/stawberry/internal/app/apperror/errors.go:65.36,66.18 1 0
github.com/zuzaaa-dev/stawberry/internal/app/apperror/errors.go:66.18,68.3 1 0
github.com/zuzaaa-dev/stawberry/internal/app/apperror/errors.go:69.2,69.18 1 0
github.com/zuzaaa-dev/stawberry/internal/app/apperror/errors.go:93.37,94.18 1 0
github.com/zuzaaa-dev/stawberry/internal/app/apperror/errors.go:94.18,96.3 1 0
github.com/zuzaaa-dev/stawberry/internal/app/apperror/errors.go:97.2,97.18 1 0
github.com/zuzaaa-dev/stawberry/internal/app/apperror/errors.go:117.44,118.18 1 0
github.com/zuzaaa-dev/stawberry/internal/app/apperror/errors.go:118.18,120.3 1 0
github.com/zuzaaa-dev/stawberry/internal/app/apperror/errors.go:121.2,121.18 1 0
github.com/zuzaaa-dev/stawberry/cmd/app/main.go:29.13,31.40 1 0
github.com/zuzaaa-dev/stawberry/cmd/app/main.go:31.40,33.3 1 0
github.com/zuzaaa-dev/stawberry/cmd/app/main.go:36.2,37.16 2 0
github.com/zuzaaa-dev/stawberry/cmd/app/main.go:37.16,39.3 1 0
github.com/zuzaaa-dev/stawberry/cmd/app/main.go:42.2,42.54 1 0
github.com/zuzaaa-dev/stawberry/cmd/app/main.go:42.54,44.3 1 0
github.com/zuzaaa-dev/stawberry/cmd/app/main.go:48.28,53.40 2 0
github.com/zuzaaa-dev/stawberry/cmd/app/main.go:53.40,55.3 1 0
github.com/zuzaaa-dev/stawberry/cmd/app/main.go:58.2,83.12 19 0
github.com/zuzaaa-dev/stawberry/internal/domain/entity/token.go:25.39,27.53 2 0
github.com/zuzaaa-dev/stawberry/internal/domain/entity/token.go:27.53,29.3 1 0
github.com/zuzaaa-dev/stawberry/internal/domain/entity/token.go:30.2,30.32 1 0
github.com/zuzaaa-dev/stawberry/internal/domain/service/token/token.go:32.112,39.2 1 0
github.com/zuzaaa-dev/stawberry/internal/domain/service/token/token.go:46.40,48.16 2 0
github.com/zuzaaa-dev/stawberry/internal/domain/service/token/token.go:48.16,50.3 1 0
github.com/zuzaaa-dev/stawberry/internal/domain/service/token/token.go:52.2,53.16 2 0
github.com/zuzaaa-dev/stawberry/internal/domain/service/token/token.go:53.16,55.3 1 0
github.com/zuzaaa-dev/stawberry/internal/domain/service/token/token.go:57.2,57.45 1 0
github.com/zuzaaa-dev/stawberry/internal/domain/service/token/token.go:64.31,66.16 2 0
github.com/zuzaaa-dev/stawberry/internal/domain/service/token/token.go:66.16,68.3 1 0
github.com/zuzaaa-dev/stawberry/internal/domain/service/token/token.go:70.2,70.45 1 0
github.com/zuzaaa-dev/stawberry/internal/domain/service/token/token.go:70.45,72.3 1 0
github.com/zuzaaa-dev/stawberry/internal/domain/service/token/token.go:74.2,74.25 1 0
github.com/zuzaaa-dev/stawberry/internal/domain/service/token/token.go:78.73,80.90 2 0
github.com/zuzaaa-dev/stawberry/internal/domain/service/token/token.go:80.90,81.49 1 0
github.com/zuzaaa-dev/stawberry/internal/domain/service/token/token.go:81.49,85.4 3 0
github.com/zuzaaa-dev/stawberry/internal/domain/service/token/token.go:86.3,86.35 1 0
github.com/zuzaaa-dev/stawberry/internal/domain/service/token/token.go:88.2,88.16 1 0
github.com/zuzaaa-dev/stawberry/internal/domain/service/token/token.go:88.16,90.3 1 0
github.com/zuzaaa-dev/stawberry/internal/domain/service/token/token.go:91.2,92.9 2 0
github.com/zuzaaa-dev/stawberry/internal/domain/service/token/token.go:92.9,94.3 1 0
github.com/zuzaaa-dev/stawberry/internal/domain/service/token/token.go:96.2,97.9 2 0
github.com/zuzaaa-dev/stawberry/internal/domain/service/token/token.go:97.9,99.3 1 0
github.com/zuzaaa-dev/stawberry/internal/domain/service/token/token.go:100.2,103.9 3 0
github.com/zuzaaa-dev/stawberry/internal/domain/service/token/token.go:103.9,105.3 1 0
github.com/zuzaaa-dev/stawberry/internal/domain/service/token/token.go:107.2,113.8 2 0
github.com/zuzaaa-dev/stawberry/internal/domain/service/token/token.go:119.9,121.2 1 0
github.com/zuzaaa-dev/stawberry/internal/domain/service/token/token.go:127.34,129.2 1 0
github.com/zuzaaa-dev/stawberry/internal/domain/service/token/token.go:135.9,137.2 1 0
github.com/zuzaaa-dev/stawberry/internal/domain/service/token/token.go:142.32,144.2 1 0
github.com/zuzaaa-dev/stawberry/internal/domain/service/token/token.go:149.32,151.2 1 0
github.com/zuzaaa-dev/stawberry/internal/domain/service/token/token.go:154.86,161.2 3 0
github.com/zuzaaa-dev/stawberry/internal/domain/service/token/token.go:165.111,169.16 3 0
github.com/zuzaaa-dev/stawberry/internal/domain/service/token/token.go:169.16,171.3 1 0
github.com/zuzaaa-dev/stawberry/internal/domain/service/token/token.go:173.2,180.8 1 0
github.com/zuzaaa-dev/stawberry/internal/domain/service/user/user.go:37.82,39.2 1 0
github.com/zuzaaa-dev/stawberry/internal/domain/service/user/user.go:47.27,49.16 2 0
github.com/zuzaaa-dev/stawberry/internal/domain/service/user/user.go:49.16,53.3 3 0
github.com/zuzaaa-dev/stawberry/internal/domain/service/user/user.go:54.2,57.16 3 0
github.com/zuzaaa-dev/stawberry/internal/domain/service/user/user.go:57.16,59.3 1 0
github.com/zuzaaa-dev/stawberry/internal/domain/service/user/user.go:61.2,62.16 2 0
github.com/zuzaaa-dev/stawberry/internal/domain/service/user/user.go:62.16,64.3 1 0
github.com/zuzaaa-dev/stawberry/internal/domain/service/user/user.go:66.2,66.70 1 0
github.com/zuzaaa-dev/stawberry/internal/domain/service/user/user.go:66.70,68.3 1 0
github.com/zuzaaa-dev/stawberry/internal/domain/service/user/user.go:70.2,70.53 1 0
github.com/zuzaaa-dev/stawberry/internal/domain/service/user/user.go:79.27,81.16 2 0
github.com/zuzaaa-dev/stawberry/internal/domain/service/user/user.go:81.16,83.3 1 0
github.com/zuzaaa-dev/stawberry/internal/domain/service/user/user.go:85.2,86.16 2 0
github.com/zuzaaa-dev/stawberry/internal/domain/service/user/user.go:86.16,88.3 1 0
github.com/zuzaaa-dev/stawberry/internal/domain/service/user/user.go:90.2,90.15 1 0
github.com/zuzaaa-dev/stawberry/internal/domain/service/user/user.go:90.15,92.3 1 0
github.com/zuzaaa-dev/stawberry/internal/domain/service/user/user.go:95.2,96.16 2 0
github.com/zuzaaa-dev/stawberry/internal/domain/service/user/user.go:96.16,98.3 1 0
github.com/zuzaaa-dev/stawberry/internal/domain/service/user/user.go:100.2,100.39 1 0
github.com/zuzaaa-dev/stawberry/internal/domain/service/user/user.go:100.39,101.77 1 0
github.com/zuzaaa-dev/stawberry/internal/domain/service/user/user.go:101.77,103.4 1 0
github.com/zuzaaa-dev/stawberry/internal/domain/service/user/user.go:106.2,107.16 2 0
github.com/zuzaaa-dev/stawberry/internal/domain/service/user/user.go:107.16,109.3 1 0
github.com/zuzaaa-dev/stawberry/internal/domain/service/user/user.go:111.2,111.70 1 0
github.com/zuzaaa-dev/stawberry/internal/domain/service/user/user.go:111.70,113.3 1 0
github.com/zuzaaa-dev/stawberry/internal/domain/service/user/user.go:115.2,115.53 1 0
github.com/zuzaaa-dev/stawberry/internal/domain/service/user/user.go:123.27,125.16 2 0
github.com/zuzaaa-dev/stawberry/internal/domain/service/user/user.go:125.16,127.3 1 0
github.com/zuzaaa-dev/stawberry/internal/domain/service/user/user.go:129.2,129.24 1 0
github.com/zuzaaa-dev/stawberry/internal/domain/service/user/user.go:129.24,131.3 1 0
github.com/zuzaaa-dev/stawberry/internal/domain/service/user/user.go:133.2,133.40 1 0
github.com/zuzaaa-dev/stawberry/internal/domain/service/user/user.go:133.40,135.3 1 0
github.com/zuzaaa-dev/stawberry/internal/domain/service/user/user.go:137.2,141.16 4 0
github.com/zuzaaa-dev/stawberry/internal/domain/service/user/user.go:141.16,143.3 1 0
github.com/zuzaaa-dev/stawberry/internal/domain/service/user/user.go:145.2,146.16 2 0
github.com/zuzaaa-dev/stawberry/internal/domain/service/user/user.go:146.16,148.3 1 0
github.com/zuzaaa-dev/stawberry/internal/domain/service/user/user.go:150.2,151.16 2 0
github.com/zuzaaa-dev/stawberry/internal/domain/service/user/user.go:151.16,153.3 1 0
github.com/zuzaaa-dev/stawberry/internal/domain/service/user/user.go:155.2,156.16 2 0
github.com/zuzaaa-dev/stawberry/internal/domain/service/user/user.go:156.16,158.3 1 0
github.com/zuzaaa-dev/stawberry/internal/domain/service/user/user.go:160.2,160.43 1 0
github.com/zuzaaa-dev/stawberry/internal/domain/service/user/user.go:167.9,169.16 2 0
github.com/zuzaaa-dev/stawberry/internal/domain/service/user/user.go:169.16,171.3 1 0
github.com/zuzaaa-dev/stawberry/internal/domain/service/user/user.go:173.2,173.24 1 0
github.com/zuzaaa-dev/stawberry/internal/domain/service/user/user.go:173.24,175.3 1 0
github.com/zuzaaa-dev/stawberry/internal/domain/service/user/user.go:177.2,177.40 1 0
github.com/zuzaaa-dev/stawberry/internal/domain/service/user/user.go:177.40,179.3 1 0
github.com/zuzaaa-dev/stawberry/internal/domain/service/user/user.go:181.2,185.16 4 0
github.com/zuzaaa-dev/stawberry/internal/domain/service/user/user.go:185.16,187.3 1 0
github.com/zuzaaa-dev/stawberry/internal/domain/service/user/user.go:189.2,189.12 1 0
github.com/zuzaaa-dev/stawberry/internal/domain/service/user/user.go:192.87,194.2 1 0
github.com/zuzaaa-dev/stawberry/internal/domain/service/user/user.go:196.94,197.23 1 0
github.com/zuzaaa-dev/stawberry/pkg/migrator/migrator.go:11.59,14.16 2 0
github.com/zuzaaa-dev/stawberry/pkg/migrator/migrator.go:14.16,16.3 1 0
github.com/zuzaaa-dev/stawberry/pkg/migrator/migrator.go:19.2,19.53 1 0
github.com/zuzaaa-dev/stawberry/pkg/migrator/migrator.go:19.53,21.3 1 0
github.com/zuzaaa-dev/stawberry/pkg/migrator/migrator.go:24.2,24.55 1 0
github.com/zuzaaa-dev/stawberry/pkg/migrator/migrator.go:24.55,26.3 1 0
github.com/zuzaaa-dev/stawberry/pkg/migrator/migrator.go:28.2,28.49 1 0
github.com/zuzaaa-dev/stawberry/internal/repository/database.go:11.42,13.16 2 0
github.com/zuzaaa-dev/stawberry/internal/repository/database.go:13.16,15.3 1 0
github.com/zuzaaa-dev/stawberry/internal/repository/database.go:17.2,17.11 1 0
github.com/zuzaaa-dev/stawberry/internal/repository/notification.go:16.69,18.2 1 0
github.com/zuzaaa-dev/stawberry/internal/repository/notification.go:23.39,25.103 2 0
github.com/zuzaaa-dev/stawberry/internal/repository/notification.go:25.103,31.3 1 0
github.com/zuzaaa-dev/stawberry/internal/repository/notification.go:33.2,34.109 2 0
github.com/zuzaaa-dev/stawberry/internal/repository/notification.go:34.109,40.3 1 0
github.com/zuzaaa-dev/stawberry/internal/repository/notification.go:42.2,42.39 1 0
github.com/zuzaaa-dev/stawberry/internal/repository/offer.go:20.55,22.2 1 0
github.com/zuzaaa-dev/stawberry/internal/repository/offer.go:27.17,31.25 3 0
github.com/zuzaaa-dev/stawberry/internal/repository/offer.go:31.25,32.37 1 0
github.com/zuzaaa-dev/stawberry/internal/repository/offer.go:32.37,38.4 1 0
github.com/zuzaaa-dev/stawberry/internal/repository/offer.go:39.3,43.4 1 0
github.com/zuzaaa-dev/stawberry/internal/repository/offer.go:46.2,46.22 1 0
github.com/zuzaaa-dev/stawberry/internal/repository/offer.go:52.25,59.25 3 0
github.com/zuzaaa-dev/stawberry/internal/repository/offer.go:59.25,60.54 1 0
github.com/zuzaaa-dev/stawberry/internal/repository/offer.go:60.54,62.4 1 0
github.com/zuzaaa-dev/stawberry/internal/repository/offer.go:63.3,67.4 1 0
github.com/zuzaaa-dev/stawberry/internal/repository/offer.go:70.2,70.19 1 0
github.com/zuzaaa-dev/stawberry/internal/repository/offer.go:77.34,85.25 3 0
github.com/zuzaaa-dev/stawberry/internal/repository/offer.go:85.25,91.3 1 0
github.com/zuzaaa-dev/stawberry/internal/repository/offer.go:93.2,99.25 3 0
github.com/zuzaaa-dev/stawberry/internal/repository/offer.go:99.25,105.3 1 0
github.com/zuzaaa-dev/stawberry/internal/repository/offer.go:107.2,107.27 1 0
github.com/zuzaaa-dev/stawberry/internal/repository/offer.go:114.25,120.21 2 0
github.com/zuzaaa-dev/stawberry/internal/repository/offer.go:120.21,126.3 1 0
github.com/zuzaaa-dev/stawberry/internal/repository/offer.go:128.2,128.26 1 0
github.com/zuzaaa-dev/stawberry/internal/repository/offer.go:128.26,130.3 1 0
github.com/zuzaaa-dev/stawberry/internal/repository/offer.go:132.2,137.25 3 0
github.com/zuzaaa-dev/stawberry/internal/repository/offer.go:137.25,138.54 1 0
github.com/zuzaaa-dev/stawberry/internal/repository/offer.go:138.54,140.4 1 0
github.com/zuzaaa-dev/stawberry/internal/repository/offer.go:141.3,145.4 1 0
github.com/zuzaaa-dev/stawberry/internal/repository/offer.go:148.2,148.19 1 0
github.com/zuzaaa-dev/stawberry/internal/repository/offer.go:154.25,161.25 3 0
github.com/zuzaaa-dev/stawberry/internal/repository/offer.go:161.25,162.54 1 0
github.com/zuzaaa-dev/stawberry/internal/repository/offer.go:162.54,164.4 1 0
github.com/zuzaaa-dev/stawberry/internal/repository/offer.go:165.3,169.4 1 0
github.com/zuzaaa-dev/stawberry/internal/repository/offer.go:172.2,172.73 1 0
github.com/zuzaaa-dev/stawberry/internal/repository/offer.go:172.73,178.3 1 0
github.com/zuzaaa-dev/stawberry/internal/repository/offer.go:180.2,180.19 1 0
github.com/zuzaaa-dev/stawberry/internal/repository/product.go:21.59,23.2 1 0
github.com/zuzaaa-dev/stawberry/internal/repository/product.go:28.17,30.73 2 0
github.com/zuzaaa-dev/stawberry/internal/repository/product.go:30.73,31.28 1 0
github.com/zuzaaa-dev/stawberry/internal/repository/product.go:31.28,37.4 1 0
github.com/zuzaaa-dev/stawberry/internal/repository/product.go:38.3,42.4 1 0
github.com/zuzaaa-dev/stawberry/internal/repository/product.go:45.2,45.29 1 0
github.com/zuzaaa-dev/stawberry/internal/repository/product.go:51.27,53.93 2 0
github.com/zuzaaa-dev/stawberry/internal/repository/product.go:53.93,54.45 1 0
github.com/zuzaaa-dev/stawberry/internal/repository/product.go:54.45,56.4 1 0
github.com/zuzaaa-dev/stawberry/internal/repository/product.go:57.3,61.4 1 0
github.com/zuzaaa-dev/stawberry/internal/repository/product.go:64.2,64.56 1 0
github.com/zuzaaa-dev/stawberry/internal/repository/product.go:71.34,73.90 2 0
github.com/zuzaaa-dev/stawberry/internal/repository/product.go:73.90,79.3 1 0
github.com/zuzaaa-dev/stawberry/internal/repository/product.go:81.2,82.96 2 0
github.com/zuzaaa-dev/stawberry/internal/repository/product.go:82.96,88.3 1 0
github.com/zuzaaa-dev/stawberry/internal/repository/product.go:90.2,90.34 1 0
github.com/zuzaaa-dev/stawberry/internal/repository/product.go:96.34,101.35 2 0
github.com/zuzaaa-dev/stawberry/internal/repository/product.go:101.35,107.3 1 0
github.com/zuzaaa-dev/stawberry/internal/repository/product.go:109.2,113.37 2 0
github.com/zuzaaa-dev/stawberry/internal/repository/product.go:113.37,119.3 1 0
github.com/zuzaaa-dev/stawberry/internal/repository/product.go:121.2,121.34 1 0
github.com/zuzaaa-dev/stawberry/internal/repository/product.go:128.9,131.21 3 0
github.com/zuzaaa-dev/stawberry/internal/repository/product.go:131.21,132.33 1 0
github.com/zuzaaa-dev/stawberry/internal/repository/product.go:132.33,138.4 1 0
github.com/zuzaaa-dev/stawberry/internal/repository/product.go:139.3,143.4 1 0
github.com/zuzaaa-dev/stawberry/internal/repository/product.go:146.2,146.26 1 0
github.com/zuzaaa-dev/stawberry/internal/repository/product.go:146.26,148.3 1 0
github.com/zuzaaa-dev/stawberry/internal/repository/product.go:150.2,150.12 1 0
github.com/zuzaaa-dev/stawberry/internal/repository/product.go:153.39,156.2 1 0
github.com/zuzaaa-dev/stawberry/internal/repository/token.go:17.55,19.2 1 0
github.com/zuzaaa-dev/stawberry/internal/repository/token.go:25.9,30.25 3 0
github.com/zuzaaa-dev/stawberry/internal/repository/token.go:30.25,31.37 1 0
github.com/zuzaaa-dev/stawberry/internal/repository/token.go:31.37,37.4 1 0
github.com/zuzaaa-dev/stawberry/internal/repository/token.go:39.3,43.4 1 0
github.com/zuzaaa-dev/stawberry/internal/repository/token.go:46.2,46.12 1 0
github.com/zuzaaa-dev/stawberry/internal/repository/token.go:53.34,60.25 3 0
github.com/zuzaaa-dev/stawberry/internal/repository/token.go:60.25,66.3 1 0
github.com/zuzaaa-dev/stawberry/internal/repository/token.go:68.2,69.36 2 0
github.com/zuzaaa-dev/stawberry/internal/repository/token.go:69.36,71.3 1 0
github.com/zuzaaa-dev/stawberry/internal/repository/token.go:73.2,73.20 1 0
github.com/zuzaaa-dev/stawberry/internal/repository/token.go:80.9,86.25 2 0
github.com/zuzaaa-dev/stawberry/internal/repository/token.go:86.25,92.3 1 0
github.com/zuzaaa-dev/stawberry/internal/repository/token.go:94.2,94.30 1 0
github.com/zuzaaa-dev/stawberry/internal/repository/token.go:94.30,96.3 1 0
github.com/zuzaaa-dev/stawberry/internal/repository/token.go:98.2,98.12 1 0
github.com/zuzaaa-dev/stawberry/internal/repository/token.go:105.32,112.25 3 0
github.com/zuzaaa-dev/stawberry/internal/repository/token.go:112.25,113.54 1 0
github.com/zuzaaa-dev/stawberry/internal/repository/token.go:113.54,115.4 1 0
github.com/zuzaaa-dev/stawberry/internal/repository/token.go:117.3,121.4 1 0
github.com/zuzaaa-dev/stawberry/internal/repository/token.go:124.2,124.52 1 0
github.com/zuzaaa-dev/stawberry/internal/repository/token.go:131.32,139.25 3 0
github.com/zuzaaa-dev/stawberry/internal/repository/token.go:139.25,145.3 1 0
github.com/zuzaaa-dev/stawberry/internal/repository/token.go:147.2,147.30 1 0
github.com/zuzaaa-dev/stawberry/internal/repository/token.go:147.30,149.3 1 0
github.com/zuzaaa-dev/stawberry/internal/repository/token.go:151.2,151.54 1 0
github.com/zuzaaa-dev/stawberry/internal/repository/user.go:18.53,20.2 1 0
github.com/zuzaaa-dev/stawberry/internal/repository/user.go:26.17,28.71 2 0
github.com/zuzaaa-dev/stawberry/internal/repository/user.go:28.71,29.28 1 0
github.com/zuzaaa-dev/stawberry/internal/repository/user.go:29.28,35.4 1 0
github.com/zuzaaa-dev/stawberry/internal/repository/user.go:36.3,40.4 1 0
github.com/zuzaaa-dev/stawberry/internal/repository/user.go:43.2,43.26 1 0
github.com/zuzaaa-dev/stawberry/internal/repository/user.go:50.24,52.96 2 0
github.com/zuzaaa-dev/stawberry/internal/repository/user.go:52.96,53.45 1 0
github.com/zuzaaa-dev/stawberry/internal/repository/user.go:53.45,55.4 1 0
github.com/zuzaaa-dev/stawberry/internal/repository/user.go:56.3,60.4 1 0
github.com/zuzaaa-dev/stawberry/internal/repository/user.go:63.2,63.50 1 0
github.com/zuzaaa-dev/stawberry/internal/repository/user.go:70.24,72.90 2 0
github.com/zuzaaa-dev/stawberry/internal/repository/user.go:72.90,73.45 1 0
github.com/zuzaaa-dev/stawberry/internal/repository/user.go:73.45,75.4 1 0
github.com/zuzaaa-dev/stawberry/internal/repository/user.go:76.3,80.4 1 0
github.com/zuzaaa-dev/stawberry/internal/repository/user.go:83.2,83.50 1 0
github.com/zuzaaa-dev/stawberry/internal/repository/user.go:86.80,87.23 1 0
github.com/zuzaaa-dev/stawberry/internal/handler/middleware/auth.go:24.86,25.30 1 0
github.com/zuzaaa-dev/stawberry/internal/handler/middleware/auth.go:25.30,27.21 2 0
github.com/zuzaaa-dev/stawberry/internal/handler/middleware/auth.go:27.21,34.4 3 0
github.com/zuzaaa-dev/stawberry/internal/handler/middleware/auth.go:36.3,37.46 2 0
github.com/zuzaaa-dev/stawberry/internal/handler/middleware/auth.go:37.46,44.4 3 0
github.com/zuzaaa-dev/stawberry/internal/handler/middleware/auth.go:46.3,47.17 2 0
github.com/zuzaaa-dev/stawberry/internal/handler/middleware/auth.go:47.17,54.4 3 0
github.com/zuzaaa-dev/stawberry/internal/handler/middleware/auth.go:56.3,57.17 2 0
github.com/zuzaaa-dev/stawberry/internal/handler/middleware/auth.go:57.17,64.4 3 0
github.com/zuzaaa-dev/stawberry/internal/handler/middleware/auth.go:66.3,67.11 2 0
github.com/zuzaaa-dev/stawberry/internal/handler/middleware/cors.go:7.29,8.30 1 0
github.com/zuzaaa-dev/stawberry/internal/handler/middleware/cors.go:8.30,20.36 5 0
github.com/zuzaaa-dev/stawberry/internal/handler/middleware/cors.go:20.36,23.4 2 0
github.com/zuzaaa-dev/stawberry/internal/handler/middleware/cors.go:25.3,25.11 1 0
github.com/zuzaaa-dev/stawberry/internal/repository/model/offer.go:23.51,35.2 1 0
github.com/zuzaaa-dev/stawberry/internal/repository/model/product.go:32.55,44.2 1 0
github.com/zuzaaa-dev/stawberry/internal/repository/model/product.go:46.55,58.2 1 0
github.com/zuzaaa-dev/stawberry/internal/repository/model/product.go:60.74,69.2 1 0
github.com/zuzaaa-dev/stawberry/internal/repository/model/token.go:19.65,28.2 1 0
github.com/zuzaaa-dev/stawberry/internal/repository/model/token.go:30.63,39.2 1 0
github.com/zuzaaa-dev/stawberry/internal/repository/model/user.go:18.43,26.2 1 0
github.com/zuzaaa-dev/stawberry/internal/repository/model/user.go:28.46,37.2 1 0
github.com/zuzaaa-dev/stawberry/internal/handler/dto/offer.go:22.52,31.2 1 0
github.com/zuzaaa-dev/stawberry/internal/handler/dto/product.go:18.58,27.2 1 0
github.com/zuzaaa-dev/stawberry/internal/handler/dto/product.go:38.65,47.2 1 0
github.com/zuzaaa-dev/stawberry/internal/handler/dto/user.go:20.57,26.2 1 0
github.com/zuzaaa-dev/stawberry/pkg/security/password.go:30.52,32.16 2 0
github.com/zuzaaa-dev/stawberry/pkg/security/password.go:32.16,34.3 1 0
github.com/zuzaaa-dev/stawberry/pkg/security/password.go:36.2,45.25 5 0
github.com/zuzaaa-dev/stawberry/pkg/security/password.go:48.77,50.16 2 0
github.com/zuzaaa-dev/stawberry/pkg/security/password.go:50.16,52.3 1 0
github.com/zuzaaa-dev/stawberry/pkg/security/password.go:54.2,56.62 2 0
github.com/zuzaaa-dev/stawberry/pkg/security/password.go:59.52,61.40 2 0
github.com/zuzaaa-dev/stawberry/pkg/security/password.go:61.40,63.3 1 0
github.com/zuzaaa-dev/stawberry/pkg/security/password.go:64.2,64.15 1 0
github.com/zuzaaa-dev/stawberry/pkg/security/password.go:67.72,69.20 2 0
github.com/zuzaaa-dev/stawberry/pkg/security/password.go:69.20,71.3 1 0
github.com/zuzaaa-dev/stawberry/pkg/security/password.go:73.2,75.16 3 0
github.com/zuzaaa-dev/stawberry/pkg/security/password.go:75.16,77.3 1 0
github.com/zuzaaa-dev/stawberry/pkg/security/password.go:79.2,79.31 1 0
github.com/zuzaaa-dev/stawberry/pkg/security/password.go:79.31,81.3 1 0
github.com/zuzaaa-dev/stawberry/pkg/security/password.go:83.2,85.16 3 0
github.com/zuzaaa-dev/stawberry/pkg/security/password.go:85.16,87.3 1 0
github.com/zuzaaa-dev/stawberry/pkg/security/password.go:89.2,90.16 2 0
github.com/zuzaaa-dev/stawberry/pkg/security/password.go:90.16,92.3 1 0
github.com/zuzaaa-dev/stawberry/pkg/security/password.go:93.2,96.16 3 0
github.com/zuzaaa-dev/stawberry/pkg/security/password.go:96.16,98.3 1 0
github.com/zuzaaa-dev/stawberry/pkg/security/password.go:99.2,101.27 2 0
github.com/zuzaaa-dev/stawberry/pkg/s3/s3.go:25.58,29.116 1 0
github.com/zuzaaa-dev/stawberry/pkg/s3/s3.go:29.116,34.4 1 0
github.com/zuzaaa-dev/stawberry/pkg/s3/s3.go:35.110,40.4 1 0
github.com/zuzaaa-dev/stawberry/pkg/s3/s3.go:42.2,42.16 1 0
github.com/zuzaaa-dev/stawberry/pkg/s3/s3.go:42.16,44.3 1 0
github.com/zuzaaa-dev/stawberry/pkg/s3/s3.go:45.2,45.64 1 0
github.com/zuzaaa-dev/stawberry/pkg/s3/s3.go:48.116,55.16 3 0
github.com/zuzaaa-dev/stawberry/pkg/s3/s3.go:55.16,58.3 2 0
github.com/zuzaaa-dev/stawberry/pkg/s3/s3.go:61.2,62.16 2 0
github.com/zuzaaa-dev/stawberry/pkg/s3/s3.go:62.16,65.3 2 0
github.com/zuzaaa-dev/stawberry/pkg/s3/s3.go:67.2,68.16 2 0
github.com/zuzaaa-dev/stawberry/pkg/s3/s3.go:68.16,71.3 2 0
github.com/zuzaaa-dev/stawberry/pkg/s3/s3.go:73.2,75.16 3 0
github.com/zuzaaa-dev/stawberry/pkg/s3/s3.go:75.16,78.3 2 0
github.com/zuzaaa-dev/stawberry/pkg/s3/s3.go:79.2,81.38 2 0
github.com/zuzaaa-dev/stawberry/pkg/s3/s3.go:81.38,84.3 2 0
github.com/zuzaaa-dev/stawberry/pkg/s3/s3.go:86.2,87.12 2 0
github.com/zuzaaa-dev/stawberry/pkg/s3/s3.go:90.96,95.16 2 0
github.com/zuzaaa-dev/stawberry/pkg/s3/s3.go:95.16,97.29 2 0
github.com/zuzaaa-dev/stawberry/pkg/s3/s3.go:97.29,100.4 2 0
github.com/zuzaaa-dev/stawberry/pkg/s3/s3.go:100.9,102.4 1 0
github.com/zuzaaa-dev/stawberry/pkg/s3/s3.go:103.3,103.18 1 0
github.com/zuzaaa-dev/stawberry/pkg/s3/s3.go:105.2,107.16 3 0
github.com/zuzaaa-dev/stawberry/pkg/s3/s3.go:107.16,109.3 1 0
github.com/zuzaaa-dev/stawberry/pkg/s3/s3.go:110.2,110.18 1 0
github.com/zuzaaa-dev/stawberry/tests/mocks/handler/user.go:34.67,38.2 3 0
github.com/zuzaaa-dev/stawberry/tests/mocks/handler/user.go:41.65,43.2 1 0
github.com/zuzaaa-dev/stawberry/tests/mocks/handler/user.go:46.122,53.2 6 0
github.com/zuzaaa-dev/stawberry/tests/mocks/handler/user.go:56.105,59.2 2 0
github.com/zuzaaa-dev/stawberry/tests/mocks/handler/user.go:62.119,69.2 6 0
github.com/zuzaaa-dev/stawberry/tests/mocks/handler/user.go:72.92,75.2 2 0
github.com/zuzaaa-dev/stawberry/tests/mocks/handler/user.go:78.90,84.2 5 0
github.com/zuzaaa-dev/stawberry/tests/mocks/handler/user.go:87.78,90.2 2 0
github.com/zuzaaa-dev/stawberry/tests/mocks/handler/user.go:93.95,98.2 4 0
github.com/zuzaaa-dev/stawberry/tests/mocks/handler/user.go:101.96,104.2 2 0
github.com/zuzaaa-dev/stawberry/tests/mocks/handler/user.go:107.114,114.2 6 0
github.com/zuzaaa-dev/stawberry/tests/mocks/handler/user.go:117.97,120.2 2 0
github.com/zuzaaa-dev/stawberry/tests/mocks/handler/user.go:123.102,128.2 4 0
github.com/zuzaaa-dev/stawberry/tests/mocks/handler/user.go:131.89,134.2 2 0
github.com/zuzaaa-dev/stawberry/internal/handler/api.go:22.15,29.45 5 0
github.com/zuzaaa-dev/stawberry/internal/handler/api.go:29.45,34.3 1 0
github.com/zuzaaa-dev/stawberry/internal/handler/api.go:36.2,38.2 3 0
github.com/zuzaaa-dev/stawberry/internal/handler/api.go:38.2,43.3 4 0
github.com/zuzaaa-dev/stawberry/internal/handler/api.go:45.2,45.15 1 0
github.com/zuzaaa-dev/stawberry/internal/handler/api.go:48.52,50.33 2 0
github.com/zuzaaa-dev/stawberry/internal/handler/api.go:50.33,53.26 2 0
github.com/zuzaaa-dev/stawberry/internal/handler/api.go:54.26,55.32 1 0
github.com/zuzaaa-dev/stawberry/internal/handler/api.go:56.32,57.32 1 0
github.com/zuzaaa-dev/stawberry/internal/handler/api.go:58.31,59.43 1 0
github.com/zuzaaa-dev/stawberry/internal/handler/api.go:62.3,66.9 2 0
github.com/zuzaaa-dev/stawberry/internal/handler/api.go:69.2,72.4 1 0
github.com/zuzaaa-dev/stawberry/internal/handler/api.go:75.50,77.33 2 0
github.com/zuzaaa-dev/stawberry/internal/handler/api.go:77.33,80.26 2 0
github.com/zuzaaa-dev/stawberry/internal/handler/api.go:81.26,82.32 1 0
github.com/zuzaaa-dev/stawberry/internal/handler/api.go:83.32,84.32 1 0
github.com/zuzaaa-dev/stawberry/internal/handler/api.go:85.31,86.43 1 0
github.com/zuzaaa-dev/stawberry/internal/handler/api.go:89.3,93.9 2 0
github.com/zuzaaa-dev/stawberry/internal/handler/api.go:96.2,99.4 1 0
github.com/zuzaaa-dev/stawberry/internal/handler/api.go:102.49,105.32 2 1
github.com/zuzaaa-dev/stawberry/internal/handler/api.go:105.32,109.25 2 1
github.com/zuzaaa-dev/stawberry/internal/handler/api.go:110.26,111.32 1 0
github.com/zuzaaa-dev/stawberry/internal/handler/api.go:112.32,113.32 1 0
github.com/zuzaaa-dev/stawberry/internal/handler/api.go:114.31,115.43 1 0
github.com/zuzaaa-dev/stawberry/internal/handler/api.go:116.30,117.36 1 1
github.com/zuzaaa-dev/stawberry/internal/handler/api.go:120.3,124.9 2 1
github.com/zuzaaa-dev/stawberry/internal/handler/api.go:127.2,130.4 1 1
github.com/zuzaaa-dev/stawberry/internal/handler/api.go:133.57,135.38 2 0
github.com/zuzaaa-dev/stawberry/internal/handler/api.go:135.38,139.31 2 0
github.com/zuzaaa-dev/stawberry/internal/handler/api.go:140.26,141.32 1 0
github.com/zuzaaa-dev/stawberry/internal/handler/api.go:142.32,143.32 1 0
github.com/zuzaaa-dev/stawberry/internal/handler/api.go:144.31,145.43 1 0
github.com/zuzaaa-dev/stawberry/internal/handler/api.go:148.3,152.9 2 0
github.com/zuzaaa-dev/stawberry/internal/handler/api.go:155.2,158.4 1 0
github.com/zuzaaa-dev/stawberry/internal/handler/notification.go:20.90,22.2 1 0
github.com/zuzaaa-dev/stawberry/internal/handler/notification.go:26.63,30.9 2 0
github.com/zuzaaa-dev/stawberry/internal/handler/notification.go:30.9,33.3 2 0
github.com/zuzaaa-dev/stawberry/internal/handler/notification.go:35.2,36.28 2 0
github.com/zuzaaa-dev/stawberry/internal/handler/notification.go:36.28,39.3 2 0
github.com/zuzaaa-dev/stawberry/internal/handler/notification.go:41.2,42.44 2 0
github.com/zuzaaa-dev/stawberry/internal/handler/notification.go:42.44,45.3 2 0
github.com/zuzaaa-dev/stawberry/internal/handler/notification.go:47.2,52.9 3 0
github.com/zuzaaa-dev/stawberry/internal/handler/notification.go:52.9,55.3 2 0
github.com/zuzaaa-dev/stawberry/internal/handler/notification.go:56.2,57.16 2 0
github.com/zuzaaa-dev/stawberry/internal/handler/notification.go:57.16,60.3 2 0
github.com/zuzaaa-dev/stawberry/internal/handler/notification.go:62.2,72.4 2 0
github.com/zuzaaa-dev/stawberry/internal/handler/offer.go:29.62,31.2 1 0
github.com/zuzaaa-dev/stawberry/internal/handler/offer.go:33.50,37.49 3 0
github.com/zuzaaa-dev/stawberry/internal/handler/offer.go:37.49,40.3 2 0
github.com/zuzaaa-dev/stawberry/internal/handler/offer.go:42.2,48.107 6 0
github.com/zuzaaa-dev/stawberry/internal/handler/offer.go:48.107,51.3 2 0
github.com/zuzaaa-dev/stawberry/internal/handler/offer.go:61.2,61.35 1 0
github.com/zuzaaa-dev/stawberry/internal/handler/offer.go:64.54,66.9 2 0
github.com/zuzaaa-dev/stawberry/internal/handler/offer.go:66.9,69.3 2 0
github.com/zuzaaa-dev/stawberry/internal/handler/offer.go:71.2,72.28 2 0
github.com/zuzaaa-dev/stawberry/internal/handler/offer.go:72.28,75.3 2 0
github.com/zuzaaa-dev/stawberry/internal/handler/offer.go:77.2,78.44 2 0
github.com/zuzaaa-dev/stawberry/internal/handler/offer.go:78.44,81.3 2 0
github.com/zuzaaa-dev/stawberry/internal/handler/offer.go:83.2,86.16 3 0
github.com/zuzaaa-dev/stawberry/internal/handler/offer.go:86.16,89.3 2 0
github.com/zuzaaa-dev/stawberry/internal/handler/offer.go:91.2,101.4 2 0
github.com/zuzaaa-dev/stawberry/internal/handler/offer.go:104.49,106.16 2 0
github.com/zuzaaa-dev/stawberry/internal/handler/offer.go:106.16,109.3 2 0
github.com/zuzaaa-dev/stawberry/internal/handler/offer.go:111.2,112.16 2 0
github.com/zuzaaa-dev/stawberry/internal/handler/offer.go:112.16,115.3 2 0
github.com/zuzaaa-dev/stawberry/internal/handler/offer.go:117.2,119.4 1 0
github.com/zuzaaa-dev/stawberry/internal/handler/offer.go:122.57,124.16 2 0
github.com/zuzaaa-dev/stawberry/internal/handler/offer.go:124.16,127.3 2 0
github.com/zuzaaa-dev/stawberry/internal/handler/offer.go:130.2,131.47 2 0
github.com/zuzaaa-dev/stawberry/internal/handler/offer.go:131.47,134.3 2 0
github.com/zuzaaa-dev/stawberry/internal/handler/offer.go:136.2,137.16 2 0
github.com/zuzaaa-dev/stawberry/internal/handler/offer.go:137.16,140.3 2 0
github.com/zuzaaa-dev/stawberry/internal/handler/offer.go:150.2,150.35 1 0
github.com/zuzaaa-dev/stawberry/internal/handler/offer.go:153.52,155.16 2 0
github.com/zuzaaa-dev/stawberry/internal/handler/offer.go:155.16,158.3 2 0
github.com/zuzaaa-dev/stawberry/internal/handler/offer.go:160.2,161.16 2 0
github.com/zuzaaa-dev/stawberry/internal/handler/offer.go:161.16,163.3 1 0
github.com/zuzaaa-dev/stawberry/internal/handler/offer.go:173.2,173.35 1 0
github.com/zuzaaa-dev/stawberry/internal/handler/product.go:30.70,32.2 1 0
github.com/zuzaaa-dev/stawberry/internal/handler/product.go:34.54,37.58 2 0
github.com/zuzaaa-dev/stawberry/internal/handler/product.go:37.58,44.3 2 0
github.com/zuzaaa-dev/stawberry/internal/handler/product.go:46.2,48.120 3 0
github.com/zuzaaa-dev/stawberry/internal/handler/product.go:48.120,51.3 2 0
github.com/zuzaaa-dev/stawberry/internal/handler/product.go:53.2,53.38 1 0
github.com/zuzaaa-dev/stawberry/internal/handler/product.go:56.53,60.16 3 0
github.com/zuzaaa-dev/stawberry/internal/handler/product.go:60.16,63.3 2 0
github.com/zuzaaa-dev/stawberry/internal/handler/product.go:65.2,65.32 1 0
github.com/zuzaaa-dev/stawberry/internal/handler/product.go:68.54,70.28 2 0
github.com/zuzaaa-dev/stawberry/internal/handler/product.go:70.28,76.3 2 0
github.com/zuzaaa-dev/stawberry/internal/handler/product.go:78.2,79.44 2 0
github.com/zuzaaa-dev/stawberry/internal/handler/product.go:79.44,85.3 2 0
github.com/zuzaaa-dev/stawberry/internal/handler/product.go:87.2,90.16 3 0
github.com/zuzaaa-dev/stawberry/internal/handler/product.go:90.16,93.3 2 0
github.com/zuzaaa-dev/stawberry/internal/handler/product.go:95.2,105.4 2 0
github.com/zuzaaa-dev/stawberry/internal/handler/product.go:108.59,112.28 3 0
github.com/zuzaaa-dev/stawberry/internal/handler/product.go:112.28,118.3 2 0
github.com/zuzaaa-dev/stawberry/internal/handler/product.go:120.2,121.44 2 0
github.com/zuzaaa-dev/stawberry/internal/handler/product.go:121.44,127.3 2 0
github.com/zuzaaa-dev/stawberry/internal/handler/product.go:129.2,132.16 3 0
github.com/zuzaaa-dev/stawberry/internal/handler/product.go:132.16,135.3 2 0
github.com/zuzaaa-dev/stawberry/internal/handler/product.go:137.2,147.4 2 0
github.com/zuzaaa-dev/stawberry/internal/handler/product.go:150.55,154.50 3 0
github.com/zuzaaa-dev/stawberry/internal/handler/product.go:154.50,161.3 2 0
github.com/zuzaaa-dev/stawberry/internal/handler/product.go:163.2,163.104 1 0
github.com/zuzaaa-dev/stawberry/internal/handler/product.go:163.104,166.3 2 0
github.com/zuzaaa-dev/stawberry/internal/handler/product.go:168.2,168.73 1 0
github.com/zuzaaa-dev/stawberry/internal/handler/user.go:36.15,43.2 1 1
github.com/zuzaaa-dev/stawberry/internal/handler/user.go:45.52,47.54 2 1
github.com/zuzaaa-dev/stawberry/internal/handler/user.go:47.54,54.3 2 1
github.com/zuzaaa-dev/stawberry/internal/handler/user.go:56.2,61.16 2 1
github.com/zuzaaa-dev/stawberry/internal/handler/user.go:61.16,64.3 2 1
github.com/zuzaaa-dev/stawberry/internal/handler/user.go:65.2,72.33 3 1
github.com/zuzaaa-dev/stawberry/internal/handler/user.go:75.45,77.56 2 1
github.com/zuzaaa-dev/stawberry/internal/handler/user.go:77.56,84.3 2 1
github.com/zuzaaa-dev/stawberry/internal/handler/user.go:86.2,93.16 2 1
github.com/zuzaaa-dev/stawberry/internal/handler/user.go:93.16,96.3 2 1
github.com/zuzaaa-dev/stawberry/internal/handler/user.go:98.2,105.33 3 1
github.com/zuzaaa-dev/stawberry/internal/handler/user.go:108.47,110.54 2 1
github.com/zuzaaa-dev/stawberry/internal/handler/user.go:110.54,117.3 2 1
github.com/zuzaaa-dev/stawberry/internal/handler/user.go:119.2,119.35 1 1
github.com/zuzaaa-dev/stawberry/internal/handler/user.go:119.35,121.17 2 1
github.com/zuzaaa-dev/stawberry/internal/handler/user.go:121.17,128.4 2 1
github.com/zuzaaa-dev/stawberry/internal/handler/user.go:129.3,129.36 1 1
github.com/zuzaaa-dev/stawberry/internal/handler/user.go:132.2,137.16 2 1
github.com/zuzaaa-dev/stawberry/internal/handler/user.go:137.16,140.3 2 1
github.com/zuzaaa-dev/stawberry/internal/handler/user.go:142.2,149.33 3 1
github.com/zuzaaa-dev/stawberry/internal/handler/user.go:152.46,154.53 2 1
github.com/zuzaaa-dev/stawberry/internal/handler/user.go:154.53,161.3 2 1
github.com/zuzaaa-dev/stawberry/internal/handler/user.go:163.2,163.34 1 1
github.com/zuzaaa-dev/stawberry/internal/handler/user.go:163.34,165.17 2 1
github.com/zuzaaa-dev/stawberry/internal/handler/user.go:165.17,172.4 2 1
github.com/zuzaaa-dev/stawberry/internal/handler/user.go:173.3,173.35 1 1
github.com/zuzaaa-dev/stawberry/internal/handler/user.go:176.2,180.16 1 1
github.com/zuzaaa-dev/stawberry/internal/handler/user.go:180.16,183.3 2 1
github.com/zuzaaa-dev/stawberry/internal/handler/user.go:185.2,185.25 1 1
github.com/zuzaaa-dev/stawberry/internal/handler/user.go:188.90,210.2 3 1
